Mplus VERSION 7.1 (Linux)
MUTHEN & MUTHEN
06/16/2013   1:43 PM

INPUT INSTRUCTIONS

  TITLE:
  FIML mplus CFA
  DATA:
  FILE = "fimlcfa.dat";

  VARIABLE:
  NAMES = s1 s2 s3 s4;
   MISSING=.;

  MODEL:
  esteem BY s1 s2 s3 s4;
                                s2 with s4;



INPUT READING TERMINATED NORMALLY




FIML mplus CFA

SUMMARY OF ANALYSIS

Number of groups                                                 1
Number of observations                                         650

Number of dependent variables                                    4
Number of independent variables                                  0
Number of continuous latent variables                            1

Observed dependent variables

  Continuous
   S1          S2          S3          S4

Continuous latent variables
   ESTEEM


Estimator                                                       ML
Information matrix                                        OBSERVED
Maximum number of iterations                                  1000
Convergence criterion                                    0.500D-04
Maximum number of steepest descent iterations                   20
Maximum number of iterations for H1                           2000
Convergence criterion for H1                             0.100D-03

Input data file(s)
  fimlcfa.dat

Input data format  FREE


SUMMARY OF DATA

     Number of missing data patterns             5


COVARIANCE COVERAGE OF DATA

Minimum covariance coverage value   0.100


     PROPORTION OF DATA PRESENT


           Covariance Coverage
              S1            S2            S3            S4
              ________      ________      ________      ________
 S1             0.962
 S2             0.923         0.962
 S3             0.923         0.923         0.962
 S4             0.669         0.669         0.669         0.708



THE MODEL ESTIMATION TERMINATED NORMALLY



MODEL FIT INFORMATION

Number of Free Parameters                       13

Loglikelihood

          H0 Value                       -3183.430
          H1 Value                       -3182.796

Information Criteria

          Akaike (AIC)                    6392.859
          Bayesian (BIC)                  6451.060
          Sample-Size Adjusted BIC        6409.785
            (n* = (n + 2) / 24)

Chi-Square Test of Model Fit

          Value                              1.266
          Degrees of Freedom                     1
          P-Value                           0.2605

RMSEA (Root Mean Square Error Of Approximation)

          Estimate                           0.020
          90 Percent C.I.                    0.000  0.109
          Probability RMSEA <= .05           0.568

CFI/TLI

          CFI                                1.000
          TLI                                0.999

Chi-Square Test of Model Fit for the Baseline Model

          Value                           1568.234
          Degrees of Freedom                     6
          P-Value                           0.0000

SRMR (Standardized Root Mean Square Residual)

          Value                              0.005



MODEL RESULTS

                                                    Two-Tailed
                    Estimate       S.E.  Est./S.E.    P-Value

 ESTEEM   BY
    S1                 1.000      0.000    999.000    999.000
    S2                 1.383      0.064     21.714      0.000
    S3                 1.360      0.059     23.030      0.000
    S4                 1.275      0.063     20.092      0.000

 S2       WITH
    S4                -0.258      0.039     -6.597      0.000

 Intercepts
    S1                 2.927      0.049     60.006      0.000
    S2                 2.569      0.054     47.657      0.000
    S3                 2.222      0.055     40.190      0.000
    S4                 2.368      0.054     44.235      0.000

 Variances
    ESTEEM             0.826      0.078     10.591      0.000

 Residual Variances
    S1                 0.693      0.043     16.019      0.000
    S2                 0.285      0.044      6.465      0.000
    S3                 0.443      0.042     10.474      0.000
    S4                 0.298      0.046      6.469      0.000


QUALITY OF NUMERICAL RESULTS

     Condition Number for the Information Matrix              0.249E-01
       (ratio of smallest to largest eigenvalue)


     Beginning Time:  13:43:23
        Ending Time:  13:43:23
       Elapsed Time:  00:00:00



MUTHEN & MUTHEN
3463 Stoner Ave.
Los Angeles, CA  90066

Tel: (310) 391-9971
Fax: (310) 391-8971
Web: www.StatModel.com
Support: Support@StatModel.com

Copyright (c) 1998-2013 Muthen & Muthen
