Mplus VERSION 7.1 (Linux)
MUTHEN & MUTHEN
06/16/2013   1:43 PM

INPUT INSTRUCTIONS

  TITLE:
  basic mplus CFA
  DATA:
  FILE = "mpcfa.dat";

  VARIABLE:
  NAMES = x1 x2 x3 x4 x5 x6 x7 x8 x9;
   MISSING=.;

  MODEL:
  visual  by x1 x2 x3;
  textual by x4 x5 x6;
  speed   by x7 x8 x9;



INPUT READING TERMINATED NORMALLY




basic mplus CFA

SUMMARY OF ANALYSIS

Number of groups                                                 1
Number of observations                                         301

Number of dependent variables                                    9
Number of independent variables                                  0
Number of continuous latent variables                            3

Observed dependent variables

  Continuous
   X1          X2          X3          X4          X5          X6
   X7          X8          X9

Continuous latent variables
   VISUAL      TEXTUAL     SPEED


Estimator                                                       ML
Information matrix                                        OBSERVED
Maximum number of iterations                                  1000
Convergence criterion                                    0.500D-04
Maximum number of steepest descent iterations                   20
Maximum number of iterations for H1                           2000
Convergence criterion for H1                             0.100D-03

Input data file(s)
  mpcfa.dat

Input data format  FREE


SUMMARY OF DATA

     Number of missing data patterns             1


COVARIANCE COVERAGE OF DATA

Minimum covariance coverage value   0.100


     PROPORTION OF DATA PRESENT


           Covariance Coverage
              X1            X2            X3            X4            X5
              ________      ________      ________      ________      ________
 X1             1.000
 X2             1.000         1.000
 X3             1.000         1.000         1.000
 X4             1.000         1.000         1.000         1.000
 X5             1.000         1.000         1.000         1.000         1.000
 X6             1.000         1.000         1.000         1.000         1.000
 X7             1.000         1.000         1.000         1.000         1.000
 X8             1.000         1.000         1.000         1.000         1.000
 X9             1.000         1.000         1.000         1.000         1.000


           Covariance Coverage
              X6            X7            X8            X9
              ________      ________      ________      ________
 X6             1.000
 X7             1.000         1.000
 X8             1.000         1.000         1.000
 X9             1.000         1.000         1.000         1.000



THE MODEL ESTIMATION TERMINATED NORMALLY



MODEL FIT INFORMATION

Number of Free Parameters                       30

Loglikelihood

          H0 Value                       -3737.745
          H1 Value                       -3695.092

Information Criteria

          Akaike (AIC)                    7535.490
          Bayesian (BIC)                  7646.703
          Sample-Size Adjusted BIC        7551.560
            (n* = (n + 2) / 24)

Chi-Square Test of Model Fit

          Value                             85.306
          Degrees of Freedom                    24
          P-Value                           0.0000

RMSEA (Root Mean Square Error Of Approximation)

          Estimate                           0.092
          90 Percent C.I.                    0.071  0.114
          Probability RMSEA <= .05           0.001

CFI/TLI

          CFI                                0.931
          TLI                                0.896

Chi-Square Test of Model Fit for the Baseline Model

          Value                            918.852
          Degrees of Freedom                    36
          P-Value                           0.0000

SRMR (Standardized Root Mean Square Residual)

          Value                              0.060



MODEL RESULTS

                                                    Two-Tailed
                    Estimate       S.E.  Est./S.E.    P-Value

 VISUAL   BY
    X1                 1.000      0.000    999.000    999.000
    X2                 0.553      0.109      5.067      0.000
    X3                 0.729      0.117      6.220      0.000

 TEXTUAL  BY
    X4                 1.000      0.000    999.000    999.000
    X5                 1.113      0.065     17.128      0.000
    X6                 0.926      0.056     16.481      0.000

 SPEED    BY
    X7                 1.000      0.000    999.000    999.000
    X8                 1.180      0.150      7.851      0.000
    X9                 1.082      0.195      5.542      0.000

 TEXTUAL  WITH
    VISUAL             0.408      0.080      5.124      0.000

 SPEED    WITH
    VISUAL             0.262      0.055      4.735      0.000
    TEXTUAL            0.173      0.049      3.518      0.000

 Intercepts
    X1                 4.936      0.067     73.473      0.000
    X2                 6.088      0.068     89.855      0.000
    X3                 2.250      0.065     34.579      0.000
    X4                 3.061      0.067     45.694      0.000
    X5                 4.341      0.074     58.452      0.000
    X6                 2.186      0.063     34.667      0.000
    X7                 4.186      0.063     66.766      0.000
    X8                 5.527      0.058     94.854      0.000
    X9                 5.374      0.058     92.545      0.000

 Variances
    VISUAL             0.809      0.150      5.405      0.000
    TEXTUAL            0.979      0.112      8.729      0.000
    SPEED              0.384      0.092      4.168      0.000

 Residual Variances
    X1                 0.549      0.119      4.612      0.000
    X2                 1.134      0.104     10.875      0.000
    X3                 0.844      0.095      8.881      0.000
    X4                 0.371      0.048      7.739      0.000
    X5                 0.446      0.058      7.703      0.000
    X6                 0.356      0.043      8.200      0.000
    X7                 0.799      0.088      9.129      0.000
    X8                 0.488      0.092      5.321      0.000
    X9                 0.566      0.091      6.249      0.000


QUALITY OF NUMERICAL RESULTS

     Condition Number for the Information Matrix              0.412E-02
       (ratio of smallest to largest eigenvalue)


     Beginning Time:  13:43:23
        Ending Time:  13:43:23
       Elapsed Time:  00:00:00



MUTHEN & MUTHEN
3463 Stoner Ave.
Los Angeles, CA  90066

Tel: (310) 391-9971
Fax: (310) 391-8971
Web: www.StatModel.com
Support: Support@StatModel.com

Copyright (c) 1998-2013 Muthen & Muthen
